2019-06-07 07:44:50.3508 Error Error has been raised. Exception: System.IO.IOException: The process cannot access the file 'C:\Sandbox\VideoGate\VideoGate\bin\Debug\netcoreapp2.1\logs\last_run.log' because it is being used by another process.
   at System.IO.FileSystem.DeleteFile(String fullPath)
   at System.IO.File.Delete(String path)
   at NLog.Targets.FileTarget.DeleteOldArchiveFile(String fileName)
2019-06-07 08:01:27.6175 Error Error has been raised. Exception: System.IO.IOException: The process cannot access the file 'C:\Sandbox\VideoGate\VideoGate\bin\Debug\netcoreapp2.1\logs\last_run.log' because it is being used by another process.
   at System.IO.FileSystem.DeleteFile(String fullPath)
   at System.IO.File.Delete(String path)
   at NLog.Targets.FileTarget.DeleteOldArchiveFile(String fileName)
2019-06-07 08:09:18.6980 Error Error has been raised. Exception: System.IO.IOException: The process cannot access the file 'C:\Sandbox\VideoGate\VideoGate\bin\Debug\netcoreapp2.1\logs\last_run.log' because it is being used by another process.
   at System.IO.FileSystem.DeleteFile(String fullPath)
   at System.IO.File.Delete(String path)
   at NLog.Targets.FileTarget.DeleteOldArchiveFile(String fileName)
2019-06-07 09:13:21.4988 Error Error has been raised. Exception: System.IO.IOException: The process cannot access the file 'C:\Sandbox\VideoGate\VideoGate\bin\Debug\netcoreapp2.1\logs\last_run.log' because it is being used by another process.
   at System.IO.FileSystem.DeleteFile(String fullPath)
   at System.IO.File.Delete(String path)
   at NLog.Targets.FileTarget.DeleteOldArchiveFile(String fileName)
2019-06-07 09:18:16.3853 Error Error has been raised. Exception: System.IO.IOException: The process cannot access the file 'C:\Sandbox\VideoGate\VideoGate\bin\Debug\netcoreapp2.1\logs\last_run.log' because it is being used by another process.
   at System.IO.FileSystem.DeleteFile(String fullPath)
   at System.IO.File.Delete(String path)
   at NLog.Targets.FileTarget.DeleteOldArchiveFile(String fileName)
2019-06-07 09:19:46.3017 Error Error has been raised. Exception: System.IO.IOException: The process cannot access the file 'C:\Sandbox\VideoGate\VideoGate\bin\Debug\netcoreapp2.1\logs\last_run.log' because it is being used by another process.
   at System.IO.FileSystem.DeleteFile(String fullPath)
   at System.IO.File.Delete(String path)
   at NLog.Targets.FileTarget.DeleteOldArchiveFile(String fileName)
2019-06-07 09:21:45.6516 Error Error has been raised. Exception: System.IO.IOException: The process cannot access the file 'C:\Sandbox\VideoGate\VideoGate\bin\Debug\netcoreapp2.1\logs\last_run.log' because it is being used by another process.
   at System.IO.FileSystem.DeleteFile(String fullPath)
   at System.IO.File.Delete(String path)
   at NLog.Targets.FileTarget.DeleteOldArchiveFile(String fileName)
2019-06-24 13:52:11.9749 Error Error has been raised. Exception: System.IO.IOException: The process cannot access the file 'C:\1GB\VideoGate\VideoGate\bin\Debug\netcoreapp2.1\logs\last_run.log' because it is being used by another process.
   at System.IO.FileSystem.DeleteFile(String fullPath)
   at System.IO.File.Delete(String path)
   at NLog.Targets.FileTarget.DeleteOldArchiveFile(String fileName)
2019-06-24 13:57:57.0796 Error Error has been raised. Exception: System.IO.IOException: The process cannot access the file 'C:\1GB\VideoGate\VideoGate\bin\Debug\netcoreapp2.1\logs\last_run.log' because it is being used by another process.
   at System.IO.FileSystem.DeleteFile(String fullPath)
   at System.IO.File.Delete(String path)
   at NLog.Targets.FileTarget.DeleteOldArchiveFile(String fileName)
2019-06-24 14:11:21.5156 Error Error has been raised. Exception: System.IO.IOException: The process cannot access the file 'C:\1GB\VideoGate\VideoGate\bin\Debug\netcoreapp2.1\logs\last_run.log' because it is being used by another process.
   at System.IO.FileSystem.DeleteFile(String fullPath)
   at System.IO.File.Delete(String path)
   at NLog.Targets.FileTarget.DeleteOldArchiveFile(String fileName)
2019-06-24 14:56:17.4382 Error Error has been raised. Exception: System.IO.IOException: The process cannot access the file 'C:\1GB\VideoGate\VideoGate\bin\Debug\netcoreapp2.1\logs\last_run.log' because it is being used by another process.
   at System.IO.FileSystem.DeleteFile(String fullPath)
   at System.IO.File.Delete(String path)
   at NLog.Targets.FileTarget.DeleteOldArchiveFile(String fileName)
2019-06-24 15:04:12.7666 Error Error has been raised. Exception: System.IO.IOException: The process cannot access the file 'C:\1GB\VideoGate\VideoGate\bin\Debug\netcoreapp2.1\logs\last_run.log' because it is being used by another process.
   at System.IO.FileSystem.DeleteFile(String fullPath)
   at System.IO.File.Delete(String path)
   at NLog.Targets.FileTarget.DeleteOldArchiveFile(String fileName)
2019-06-26 19:06:59.6212 Error Error has been raised. Exception: System.IO.IOException: The process cannot access the file 'C:\1GB\VideoGate\VideoGate\bin\Debug\netcoreapp2.1\logs\last_run.log' because it is being used by another process.
   at System.IO.FileSystem.DeleteFile(String fullPath)
   at System.IO.File.Delete(String path)
   at NLog.Targets.FileTarget.DeleteOldArchiveFile(String fileName)
2019-06-26 19:09:41.9878 Error Error has been raised. Exception: System.IO.IOException: The process cannot access the file 'C:\1GB\VideoGate\VideoGate\bin\Debug\netcoreapp2.1\logs\last_run.log' because it is being used by another process.
   at System.IO.FileSystem.DeleteFile(String fullPath)
   at System.IO.File.Delete(String path)
   at NLog.Targets.FileTarget.DeleteOldArchiveFile(String fileName)
2019-06-28 16:29:44.7292 Error Error has been raised. Exception: System.IO.IOException: The process cannot access the file 'C:\1GB\VideoGate\VideoGate\bin\Debug\netcoreapp2.1\logs\last_run.log' because it is being used by another process.
   at System.IO.FileSystem.DeleteFile(String fullPath)
   at System.IO.File.Delete(String path)
   at NLog.Targets.FileTarget.DeleteOldArchiveFile(String fileName)
2019-06-28 16:31:03.3648 Error Error has been raised. Exception: System.IO.IOException: The process cannot access the file 'C:\1GB\VideoGate\VideoGate\bin\Debug\netcoreapp2.1\logs\last_run.log' because it is being used by another process.
   at System.IO.FileSystem.DeleteFile(String fullPath)
   at System.IO.File.Delete(String path)
   at NLog.Targets.FileTarget.DeleteOldArchiveFile(String fileName)
2019-06-28 16:33:04.2680 Error Error has been raised. Exception: System.IO.IOException: The process cannot access the file 'C:\1GB\VideoGate\VideoGate\bin\Debug\netcoreapp2.1\logs\last_run.log' because it is being used by another process.
   at System.IO.FileSystem.DeleteFile(String fullPath)
   at System.IO.File.Delete(String path)
   at NLog.Targets.FileTarget.DeleteOldArchiveFile(String fileName)
2019-06-28 16:34:06.1561 Error Error has been raised. Exception: System.IO.IOException: The process cannot access the file 'C:\1GB\VideoGate\VideoGate\bin\Debug\netcoreapp2.1\logs\last_run.log' because it is being used by another process.
   at System.IO.FileSystem.DeleteFile(String fullPath)
   at System.IO.File.Delete(String path)
   at NLog.Targets.FileTarget.DeleteOldArchiveFile(String fileName)
2019-06-28 16:35:31.9748 Error Error has been raised. Exception: System.IO.IOException: The process cannot access the file 'C:\1GB\VideoGate\VideoGate\bin\Debug\netcoreapp2.1\logs\last_run.log' because it is being used by another process.
   at System.IO.FileSystem.DeleteFile(String fullPath)
   at System.IO.File.Delete(String path)
   at NLog.Targets.FileTarget.DeleteOldArchiveFile(String fileName)
2019-06-28 16:36:44.0060 Error Error has been raised. Exception: System.IO.IOException: The process cannot access the file 'C:\1GB\VideoGate\VideoGate\bin\Debug\netcoreapp2.1\logs\last_run.log' because it is being used by another process.
   at System.IO.FileSystem.DeleteFile(String fullPath)
   at System.IO.File.Delete(String path)
   at NLog.Targets.FileTarget.DeleteOldArchiveFile(String fileName)
2019-06-28 16:50:00.8125 Error Error has been raised. Exception: System.IO.IOException: The process cannot access the file 'C:\1GB\VideoGate\VideoGate\bin\Debug\netcoreapp2.1\logs\last_run.log' because it is being used by another process.
   at System.IO.FileSystem.DeleteFile(String fullPath)
   at System.IO.File.Delete(String path)
   at NLog.Targets.FileTarget.DeleteOldArchiveFile(String fileName)
2019-06-28 16:54:22.0552 Error Error has been raised. Exception: System.IO.IOException: The process cannot access the file 'C:\1GB\VideoGate\VideoGate\bin\Debug\netcoreapp2.1\logs\last_run.log' because it is being used by another process.
   at System.IO.FileSystem.DeleteFile(String fullPath)
   at System.IO.File.Delete(String path)
   at NLog.Targets.FileTarget.DeleteOldArchiveFile(String fileName)
2019-06-28 17:01:44.2904 Error Error has been raised. Exception: System.IO.IOException: The process cannot access the file 'C:\1GB\VideoGate\VideoGate\bin\Debug\netcoreapp2.1\logs\last_run.log' because it is being used by another process.
   at System.IO.FileSystem.DeleteFile(String fullPath)
   at System.IO.File.Delete(String path)
   at NLog.Targets.FileTarget.DeleteOldArchiveFile(String fileName)
2019-06-28 17:03:32.8442 Error Error has been raised. Exception: System.IO.IOException: The process cannot access the file 'C:\1GB\VideoGate\VideoGate\bin\Debug\netcoreapp2.1\logs\last_run.log' because it is being used by another process.
   at System.IO.FileSystem.DeleteFile(String fullPath)
   at System.IO.File.Delete(String path)
   at NLog.Targets.FileTarget.DeleteOldArchiveFile(String fileName)
2019-06-28 17:04:17.3668 Error Error has been raised. Exception: System.IO.IOException: The process cannot access the file 'C:\1GB\VideoGate\VideoGate\bin\Debug\netcoreapp2.1\logs\last_run.log' because it is being used by another process.
   at System.IO.FileSystem.DeleteFile(String fullPath)
   at System.IO.File.Delete(String path)
   at NLog.Targets.FileTarget.DeleteOldArchiveFile(String fileName)
2019-06-28 17:05:26.8597 Error Error has been raised. Exception: System.IO.IOException: The process cannot access the file 'C:\1GB\VideoGate\VideoGate\bin\Debug\netcoreapp2.1\logs\last_run.log' because it is being used by another process.
   at System.IO.FileSystem.DeleteFile(String fullPath)
   at System.IO.File.Delete(String path)
   at NLog.Targets.FileTarget.DeleteOldArchiveFile(String fileName)
2019-06-28 17:09:15.2252 Error Error has been raised. Exception: System.IO.IOException: The process cannot access the file 'C:\1GB\VideoGate\VideoGate\bin\Debug\netcoreapp2.1\logs\last_run.log' because it is being used by another process.
   at System.IO.FileSystem.DeleteFile(String fullPath)
   at System.IO.File.Delete(String path)
   at NLog.Targets.FileTarget.DeleteOldArchiveFile(String fileName)
2019-06-28 17:10:16.1274 Error Error has been raised. Exception: System.IO.IOException: The process cannot access the file 'C:\1GB\VideoGate\VideoGate\bin\Debug\netcoreapp2.1\logs\last_run.log' because it is being used by another process.
   at System.IO.FileSystem.DeleteFile(String fullPath)
   at System.IO.File.Delete(String path)
   at NLog.Targets.FileTarget.DeleteOldArchiveFile(String fileName)
2019-06-28 17:11:29.9668 Error Error has been raised. Exception: System.IO.IOException: The process cannot access the file 'C:\1GB\VideoGate\VideoGate\bin\Debug\netcoreapp2.1\logs\last_run.log' because it is being used by another process.
   at System.IO.FileSystem.DeleteFile(String fullPath)
   at System.IO.File.Delete(String path)
   at NLog.Targets.FileTarget.DeleteOldArchiveFile(String fileName)
2019-06-28 17:12:14.9699 Error Error has been raised. Exception: System.IO.IOException: The process cannot access the file 'C:\1GB\VideoGate\VideoGate\bin\Debug\netcoreapp2.1\logs\last_run.log' because it is being used by another process.
   at System.IO.FileSystem.DeleteFile(String fullPath)
   at System.IO.File.Delete(String path)
   at NLog.Targets.FileTarget.DeleteOldArchiveFile(String fileName)
2019-06-28 17:12:38.9235 Error Error has been raised. Exception: System.IO.IOException: The process cannot access the file 'C:\1GB\VideoGate\VideoGate\bin\Debug\netcoreapp2.1\logs\last_run.log' because it is being used by another process.
   at System.IO.FileSystem.DeleteFile(String fullPath)
   at System.IO.File.Delete(String path)
   at NLog.Targets.FileTarget.DeleteOldArchiveFile(String fileName)
2019-06-28 17:15:14.2291 Error Error has been raised. Exception: System.IO.IOException: The process cannot access the file 'C:\1GB\VideoGate\VideoGate\bin\Debug\netcoreapp2.1\logs\last_run.log' because it is being used by another process.
   at System.IO.FileSystem.DeleteFile(String fullPath)
   at System.IO.File.Delete(String path)
   at NLog.Targets.FileTarget.DeleteOldArchiveFile(String fileName)
2019-06-28 18:26:22.8790 Error Error has been raised. Exception: System.IO.IOException: The process cannot access the file 'C:\1GB\VideoGate\VideoGate\bin\Debug\netcoreapp2.1\logs\last_run.log' because it is being used by another process.
   at System.IO.FileSystem.DeleteFile(String fullPath)
   at System.IO.File.Delete(String path)
   at NLog.Targets.FileTarget.DeleteOldArchiveFile(String fileName)
2019-07-02 18:22:39.7769 Error Error has been raised. Exception: System.IO.IOException: The process cannot access the file 'C:\1GB\VideoGate\VideoGate\bin\Debug\netcoreapp2.1\logs\last_run.log' because it is being used by another process.
   at System.IO.FileSystem.DeleteFile(String fullPath)
   at System.IO.File.Delete(String path)
   at NLog.Targets.FileTarget.DeleteOldArchiveFile(String fileName)
2019-07-02 18:26:53.2739 Error Error has been raised. Exception: System.IO.IOException: The process cannot access the file 'C:\1GB\VideoGate\VideoGate\bin\Debug\netcoreapp2.1\logs\last_run.log' because it is being used by another process.
   at System.IO.FileSystem.DeleteFile(String fullPath)
   at System.IO.File.Delete(String path)
   at NLog.Targets.FileTarget.DeleteOldArchiveFile(String fileName)
2019-07-02 18:37:51.9492 Error Error has been raised. Exception: System.IO.IOException: The process cannot access the file 'C:\1GB\VideoGate\VideoGate\bin\Debug\netcoreapp2.1\logs\last_run.log' because it is being used by another process.
   at System.IO.FileSystem.DeleteFile(String fullPath)
   at System.IO.File.Delete(String path)
   at NLog.Targets.FileTarget.DeleteOldArchiveFile(String fileName)
2019-07-02 18:44:33.3296 Error Error has been raised. Exception: System.IO.IOException: The process cannot access the file 'C:\1GB\VideoGate\VideoGate\bin\Debug\netcoreapp2.1\logs\last_run.log' because it is being used by another process.
   at System.IO.FileSystem.DeleteFile(String fullPath)
   at System.IO.File.Delete(String path)
   at NLog.Targets.FileTarget.DeleteOldArchiveFile(String fileName)
2019-07-02 18:48:56.6766 Error Error has been raised. Exception: System.IO.IOException: The process cannot access the file 'C:\1GB\VideoGate\VideoGate\bin\Debug\netcoreapp2.1\logs\last_run.log' because it is being used by another process.
   at System.IO.FileSystem.DeleteFile(String fullPath)
   at System.IO.File.Delete(String path)
   at NLog.Targets.FileTarget.DeleteOldArchiveFile(String fileName)
2019-07-02 18:56:12.6425 Error Error has been raised. Exception: System.IO.IOException: The process cannot access the file 'C:\1GB\VideoGate\VideoGate\bin\Debug\netcoreapp2.1\logs\last_run.log' because it is being used by another process.
   at System.IO.FileSystem.DeleteFile(String fullPath)
   at System.IO.File.Delete(String path)
   at NLog.Targets.FileTarget.DeleteOldArchiveFile(String fileName)
2019-07-02 19:10:14.0443 Error Error has been raised. Exception: System.IO.IOException: The process cannot access the file 'C:\1GB\VideoGate\VideoGate\bin\Debug\netcoreapp2.1\logs\last_run.log' because it is being used by another process.
   at System.IO.FileSystem.DeleteFile(String fullPath)
   at System.IO.File.Delete(String path)
   at NLog.Targets.FileTarget.DeleteOldArchiveFile(String fileName)
2019-07-02 19:26:01.1446 Error Error has been raised. Exception: System.IO.IOException: The process cannot access the file 'C:\1GB\VideoGate\VideoGate\bin\Debug\netcoreapp2.1\logs\last_run.log' because it is being used by another process.
   at System.IO.FileSystem.DeleteFile(String fullPath)
   at System.IO.File.Delete(String path)
   at NLog.Targets.FileTarget.DeleteOldArchiveFile(String fileName)
2019-07-03 19:08:38.7760 Error Error has been raised. Exception: System.IO.IOException: The process cannot access the file 'C:\1GB\VideoGate\VideoGate\bin\Debug\netcoreapp2.1\logs\last_run.log' because it is being used by another process.
   at System.IO.FileSystem.DeleteFile(String fullPath)
   at System.IO.File.Delete(String path)
   at NLog.Targets.FileTarget.DeleteOldArchiveFile(String fileName)
2019-07-03 19:11:07.8899 Error Error has been raised. Exception: System.IO.IOException: The process cannot access the file 'C:\1GB\VideoGate\VideoGate\bin\Debug\netcoreapp2.1\logs\last_run.log' because it is being used by another process.
   at System.IO.FileSystem.DeleteFile(String fullPath)
   at System.IO.File.Delete(String path)
   at NLog.Targets.FileTarget.DeleteOldArchiveFile(String fileName)
2019-07-03 20:57:31.5706 Error Error has been raised. Exception: System.IO.IOException: The process cannot access the file 'C:\1GB\VideoGate\VideoGate\bin\Debug\netcoreapp2.1\logs\last_run.log' because it is being used by another process.
   at System.IO.FileSystem.DeleteFile(String fullPath)
   at System.IO.File.Delete(String path)
   at NLog.Targets.FileTarget.DeleteOldArchiveFile(String fileName)
2019-07-03 20:58:03.7967 Error Error has been raised. Exception: System.IO.IOException: The process cannot access the file 'C:\1GB\VideoGate\VideoGate\bin\Debug\netcoreapp2.1\logs\last_run.log' because it is being used by another process.
   at System.IO.FileSystem.DeleteFile(String fullPath)
   at System.IO.File.Delete(String path)
   at NLog.Targets.FileTarget.DeleteOldArchiveFile(String fileName)
2019-07-03 21:01:41.8402 Error Error has been raised. Exception: System.IO.IOException: The process cannot access the file 'C:\1GB\VideoGate\VideoGate\bin\Debug\netcoreapp2.1\logs\last_run.log' because it is being used by another process.
   at System.IO.FileSystem.DeleteFile(String fullPath)
   at System.IO.File.Delete(String path)
   at NLog.Targets.FileTarget.DeleteOldArchiveFile(String fileName)
2019-07-03 21:04:53.8154 Error Error has been raised. Exception: System.IO.IOException: The process cannot access the file 'C:\1GB\VideoGate\VideoGate\bin\Debug\netcoreapp2.1\logs\last_run.log' because it is being used by another process.
   at System.IO.FileSystem.DeleteFile(String fullPath)
   at System.IO.File.Delete(String path)
   at NLog.Targets.FileTarget.DeleteOldArchiveFile(String fileName)
2019-07-03 21:13:38.0546 Error Error has been raised. Exception: System.IO.IOException: The process cannot access the file 'C:\1GB\VideoGate\VideoGate\bin\Debug\netcoreapp2.1\logs\last_run.log' because it is being used by another process.
   at System.IO.FileSystem.DeleteFile(String fullPath)
   at System.IO.File.Delete(String path)
   at NLog.Targets.FileTarget.DeleteOldArchiveFile(String fileName)
2019-07-03 21:25:28.9609 Error Error has been raised. Exception: System.IO.IOException: The process cannot access the file 'C:\1GB\VideoGate\VideoGate\bin\Debug\netcoreapp2.1\logs\last_run.log' because it is being used by another process.
   at System.IO.FileSystem.DeleteFile(String fullPath)
   at System.IO.File.Delete(String path)
   at NLog.Targets.FileTarget.DeleteOldArchiveFile(String fileName)
2019-07-05 12:15:04.8526 Error Error has been raised. Exception: System.IO.IOException: The process cannot access the file 'C:\1GB\VideoGate\VideoGate\bin\Debug\netcoreapp2.1\logs\last_run.log' because it is being used by another process.
   at System.IO.FileSystem.DeleteFile(String fullPath)
   at System.IO.File.Delete(String path)
   at NLog.Targets.FileTarget.DeleteOldArchiveFile(String fileName)
2019-07-05 12:22:10.9596 Error Error has been raised. Exception: System.IO.IOException: The process cannot access the file 'C:\1GB\VideoGate\VideoGate\bin\Debug\netcoreapp2.1\logs\last_run.log' because it is being used by another process.
   at System.IO.FileSystem.DeleteFile(String fullPath)
   at System.IO.File.Delete(String path)
   at NLog.Targets.FileTarget.DeleteOldArchiveFile(String fileName)
2019-07-05 12:22:52.0952 Error Error has been raised. Exception: System.IO.IOException: The process cannot access the file 'C:\1GB\VideoGate\VideoGate\bin\Debug\netcoreapp2.1\logs\last_run.log' because it is being used by another process.
   at System.IO.FileSystem.DeleteFile(String fullPath)
   at System.IO.File.Delete(String path)
   at NLog.Targets.FileTarget.DeleteOldArchiveFile(String fileName)
2019-07-05 12:23:24.6641 Error Error has been raised. Exception: System.IO.IOException: The process cannot access the file 'C:\1GB\VideoGate\VideoGate\bin\Debug\netcoreapp2.1\logs\last_run.log' because it is being used by another process.
   at System.IO.FileSystem.DeleteFile(String fullPath)
   at System.IO.File.Delete(String path)
   at NLog.Targets.FileTarget.DeleteOldArchiveFile(String fileName)
2019-07-05 12:24:53.1418 Error Error has been raised. Exception: System.IO.IOException: The process cannot access the file 'C:\1GB\VideoGate\VideoGate\bin\Debug\netcoreapp2.1\logs\last_run.log' because it is being used by another process.
   at System.IO.FileSystem.DeleteFile(String fullPath)
   at System.IO.File.Delete(String path)
   at NLog.Targets.FileTarget.DeleteOldArchiveFile(String fileName)
2019-07-05 12:28:06.2904 Error Error has been raised. Exception: System.IO.IOException: The process cannot access the file 'C:\1GB\VideoGate\VideoGate\bin\Debug\netcoreapp2.1\logs\last_run.log' because it is being used by another process.
   at System.IO.FileSystem.DeleteFile(String fullPath)
   at System.IO.File.Delete(String path)
   at NLog.Targets.FileTarget.DeleteOldArchiveFile(String fileName)
2019-07-05 12:28:43.2193 Error Error has been raised. Exception: System.IO.IOException: The process cannot access the file 'C:\1GB\VideoGate\VideoGate\bin\Debug\netcoreapp2.1\logs\last_run.log' because it is being used by another process.
   at System.IO.FileSystem.DeleteFile(String fullPath)
   at System.IO.File.Delete(String path)
   at NLog.Targets.FileTarget.DeleteOldArchiveFile(String fileName)
2019-07-05 12:31:15.9472 Error Error has been raised. Exception: System.IO.IOException: The process cannot access the file 'C:\1GB\VideoGate\VideoGate\bin\Debug\netcoreapp2.1\logs\last_run.log' because it is being used by another process.
   at System.IO.FileSystem.DeleteFile(String fullPath)
   at System.IO.File.Delete(String path)
   at NLog.Targets.FileTarget.DeleteOldArchiveFile(String fileName)
2019-07-05 12:50:27.8425 Error Error has been raised. Exception: System.IO.IOException: The process cannot access the file 'C:\1GB\VideoGate\VideoGate\bin\Debug\netcoreapp2.1\logs\last_run.log' because it is being used by another process.
   at System.IO.FileSystem.DeleteFile(String fullPath)
   at System.IO.File.Delete(String path)
   at NLog.Targets.FileTarget.DeleteOldArchiveFile(String fileName)
2019-07-05 12:51:08.4757 Error Error has been raised. Exception: System.IO.IOException: The process cannot access the file 'C:\1GB\VideoGate\VideoGate\bin\Debug\netcoreapp2.1\logs\last_run.log' because it is being used by another process.
   at System.IO.FileSystem.DeleteFile(String fullPath)
   at System.IO.File.Delete(String path)
   at NLog.Targets.FileTarget.DeleteOldArchiveFile(String fileName)
2019-07-05 12:51:49.6259 Error Error has been raised. Exception: System.IO.IOException: The process cannot access the file 'C:\1GB\VideoGate\VideoGate\bin\Debug\netcoreapp2.1\logs\last_run.log' because it is being used by another process.
   at System.IO.FileSystem.DeleteFile(String fullPath)
   at System.IO.File.Delete(String path)
   at NLog.Targets.FileTarget.DeleteOldArchiveFile(String fileName)
2019-07-05 12:55:07.8122 Error Error has been raised. Exception: System.IO.IOException: The process cannot access the file 'C:\1GB\VideoGate\VideoGate\bin\Debug\netcoreapp2.1\logs\last_run.log' because it is being used by another process.
   at System.IO.FileSystem.DeleteFile(String fullPath)
   at System.IO.File.Delete(String path)
   at NLog.Targets.FileTarget.DeleteOldArchiveFile(String fileName)
2019-07-05 13:43:45.9683 Error Error has been raised. Exception: System.IO.IOException: The process cannot access the file 'C:\1GB\VideoGate\VideoGate\bin\Debug\netcoreapp2.1\logs\last_run.log' because it is being used by another process.
   at System.IO.FileSystem.DeleteFile(String fullPath)
   at System.IO.File.Delete(String path)
   at NLog.Targets.FileTarget.DeleteOldArchiveFile(String fileName)
2019-07-05 14:15:53.5920 Error Error has been raised. Exception: System.IO.IOException: The process cannot access the file 'C:\1GB\VideoGate\VideoGate\bin\Debug\netcoreapp2.1\logs\last_run.log' because it is being used by another process.
   at System.IO.FileSystem.DeleteFile(String fullPath)
   at System.IO.File.Delete(String path)
   at NLog.Targets.FileTarget.DeleteOldArchiveFile(String fileName)
2019-07-08 06:56:47.6087 Error Error has been raised. Exception: System.IO.IOException: The process cannot access the file 'C:\1GB\VideoGate\VideoGate\bin\Debug\netcoreapp2.1\logs\last_run.log' because it is being used by another process.
   at System.IO.FileSystem.DeleteFile(String fullPath)
   at System.IO.File.Delete(String path)
   at NLog.Targets.FileTarget.DeleteOldArchiveFile(String fileName)
2019-07-08 07:41:36.6659 Error Error has been raised. Exception: System.IO.IOException: The process cannot access the file 'C:\1GB\VideoGate\VideoGate\bin\Debug\netcoreapp2.1\logs\last_run.log' because it is being used by another process.
   at System.IO.FileSystem.DeleteFile(String fullPath)
   at System.IO.File.Delete(String path)
   at NLog.Targets.FileTarget.DeleteOldArchiveFile(String fileName)
2019-07-08 07:49:33.3776 Error Error has been raised. Exception: System.IO.IOException: The process cannot access the file 'C:\1GB\VideoGate\VideoGate\bin\Debug\netcoreapp2.1\logs\last_run.log' because it is being used by another process.
   at System.IO.FileSystem.DeleteFile(String fullPath)
   at System.IO.File.Delete(String path)
   at NLog.Targets.FileTarget.DeleteOldArchiveFile(String fileName)
2019-07-08 07:55:46.5875 Error Error has been raised. Exception: System.IO.IOException: The process cannot access the file 'C:\1GB\VideoGate\VideoGate\bin\Debug\netcoreapp2.1\logs\last_run.log' because it is being used by another process.
   at System.IO.FileSystem.DeleteFile(String fullPath)
   at System.IO.File.Delete(String path)
   at NLog.Targets.FileTarget.DeleteOldArchiveFile(String fileName)
2019-07-08 08:08:17.0609 Error Error has been raised. Exception: System.IO.IOException: The process cannot access the file 'C:\1GB\VideoGate\VideoGate\bin\Debug\netcoreapp2.1\logs\last_run.log' because it is being used by another process.
   at System.IO.FileSystem.DeleteFile(String fullPath)
   at System.IO.File.Delete(String path)
   at NLog.Targets.FileTarget.DeleteOldArchiveFile(String fileName)
2019-07-09 14:30:16.6015 Error Error has been raised. Exception: System.IO.IOException: The process cannot access the file 'C:\1GB\VideoGate\VideoGate\bin\Debug\netcoreapp2.1\logs\last_run.log' because it is being used by another process.
   at System.IO.FileSystem.DeleteFile(String fullPath)
   at System.IO.File.Delete(String path)
   at NLog.Targets.FileTarget.DeleteOldArchiveFile(String fileName)
2019-07-09 14:38:24.5931 Error Error has been raised. Exception: System.IO.IOException: The process cannot access the file 'C:\1GB\VideoGate\VideoGate\bin\Debug\netcoreapp2.1\logs\last_run.log' because it is being used by another process.
   at System.IO.FileSystem.DeleteFile(String fullPath)
   at System.IO.File.Delete(String path)
   at NLog.Targets.FileTarget.DeleteOldArchiveFile(String fileName)
2019-07-09 14:38:40.9970 Error Error has been raised. Exception: System.IO.IOException: The process cannot access the file 'C:\1GB\VideoGate\VideoGate\bin\Debug\netcoreapp2.1\logs\last_run.log' because it is being used by another process.
   at System.IO.FileSystem.DeleteFile(String fullPath)
   at System.IO.File.Delete(String path)
   at NLog.Targets.FileTarget.DeleteOldArchiveFile(String fileName)
2019-07-09 15:45:28.0129 Error Error has been raised. Exception: System.IO.IOException: The process cannot access the file 'C:\1GB\VideoGate\VideoGate\bin\Debug\netcoreapp2.1\logs\last_run.log' because it is being used by another process.
   at System.IO.FileSystem.DeleteFile(String fullPath)
   at System.IO.File.Delete(String path)
   at NLog.Targets.FileTarget.DeleteOldArchiveFile(String fileName)
2019-07-09 16:11:51.8821 Error Error has been raised. Exception: System.IO.IOException: The process cannot access the file 'C:\1GB\VideoGate\VideoGate\bin\Debug\netcoreapp2.1\logs\last_run.log' because it is being used by another process.
   at System.IO.FileSystem.DeleteFile(String fullPath)
   at System.IO.File.Delete(String path)
   at NLog.Targets.FileTarget.DeleteOldArchiveFile(String fileName)
2019-07-09 18:24:21.1156 Error Error has been raised. Exception: System.IO.IOException: The process cannot access the file 'C:\1GB\VideoGate\VideoGate\bin\Debug\netcoreapp2.1\logs\last_run.log' because it is being used by another process.
   at System.IO.FileSystem.DeleteFile(String fullPath)
   at System.IO.File.Delete(String path)
   at NLog.Targets.FileTarget.DeleteOldArchiveFile(String fileName)
2019-07-09 19:10:15.6171 Error Error has been raised. Exception: System.IO.IOException: The process cannot access the file 'C:\1GB\VideoGate\VideoGate\bin\Debug\netcoreapp2.1\logs\last_run.log' because it is being used by another process.
   at System.IO.FileSystem.DeleteFile(String fullPath)
   at System.IO.File.Delete(String path)
   at NLog.Targets.FileTarget.DeleteOldArchiveFile(String fileName)
2019-07-10 19:08:11.6256 Error Error has been raised. Exception: System.IO.IOException: The process cannot access the file 'C:\1GB\VideoGate\VideoGate\bin\Debug\netcoreapp2.1\logs\last_run.log' because it is being used by another process.
   at System.IO.FileSystem.DeleteFile(String fullPath)
   at System.IO.File.Delete(String path)
   at NLog.Targets.FileTarget.DeleteOldArchiveFile(String fileName)
2019-07-15 18:56:18.9308 Error Error has been raised. Exception: System.IO.IOException: The process cannot access the file 'C:\1GB\VideoGate\VideoGate\bin\Debug\netcoreapp2.1\logs\last_run.log' because it is being used by another process.
   at System.IO.FileSystem.DeleteFile(String fullPath)
   at System.IO.File.Delete(String path)
   at NLog.Targets.FileTarget.DeleteOldArchiveFile(String fileName)
2019-07-15 19:10:49.1942 Error Error has been raised. Exception: System.IO.IOException: The process cannot access the file 'C:\1GB\VideoGate\VideoGate\bin\Debug\netcoreapp2.1\logs\last_run.log' because it is being used by another process.
   at System.IO.FileSystem.DeleteFile(String fullPath)
   at System.IO.File.Delete(String path)
   at NLog.Targets.FileTarget.DeleteOldArchiveFile(String fileName)
2019-07-15 19:16:33.7623 Error Error has been raised. Exception: System.IO.IOException: The process cannot access the file 'C:\1GB\VideoGate\VideoGate\bin\Debug\netcoreapp2.1\logs\last_run.log' because it is being used by another process.
   at System.IO.FileSystem.DeleteFile(String fullPath)
   at System.IO.File.Delete(String path)
   at NLog.Targets.FileTarget.DeleteOldArchiveFile(String fileName)
2019-07-21 16:34:17.0184 Error Error has been raised. Exception: System.IO.IOException: The process cannot access the file 'C:\1GB\VideoGate\VideoGate\bin\Debug\netcoreapp2.1\logs\last_run.log' because it is being used by another process.
   at System.IO.FileSystem.DeleteFile(String fullPath)
   at System.IO.File.Delete(String path)
   at NLog.Targets.FileTarget.DeleteOldArchiveFile(String fileName)
2019-07-22 06:52:34.4641 Error Error has been raised. Exception: System.IO.IOException: The process cannot access the file 'C:\1GB\VideoGate\VideoGate\bin\Debug\netcoreapp2.1\logs\last_run.log' because it is being used by another process.
   at System.IO.FileSystem.DeleteFile(String fullPath)
   at System.IO.File.Delete(String path)
   at NLog.Targets.FileTarget.DeleteOldArchiveFile(String fileName)
2019-07-23 06:57:59.2742 Error Error has been raised. Exception: System.IO.IOException: The process cannot access the file 'C:\1GB\VideoGate\VideoGate\bin\Debug\netcoreapp2.1\logs\last_run.log' because it is being used by another process.
   at System.IO.FileSystem.DeleteFile(String fullPath)
   at System.IO.File.Delete(String path)
   at NLog.Targets.FileTarget.DeleteOldArchiveFile(String fileName)
2019-08-03 08:49:24.8746 Error Error has been raised. Exception: System.IO.IOException: The process cannot access the file 'C:\1GB\VideoGate\VideoGate\bin\Debug\netcoreapp2.1\logs\last_run.log' because it is being used by another process.
   at System.IO.FileSystem.DeleteFile(String fullPath)
   at System.IO.File.Delete(String path)
   at NLog.Targets.FileTarget.DeleteOldArchiveFile(String fileName)
2019-08-03 09:11:59.4270 Error Error has been raised. Exception: System.IO.IOException: The process cannot access the file 'C:\1GB\VideoGate\VideoGate\bin\Debug\netcoreapp2.1\logs\last_run.log' because it is being used by another process.
   at System.IO.FileSystem.DeleteFile(String fullPath)
   at System.IO.File.Delete(String path)
   at NLog.Targets.FileTarget.DeleteOldArchiveFile(String fileName)
2019-08-04 01:39:37.5418 Error Error has been raised. Exception: System.IO.IOException: The process cannot access the file 'C:\1GB\VideoGate\VideoGate\bin\Debug\netcoreapp2.1\logs\last_run.log' because it is being used by another process.
   at System.IO.FileSystem.DeleteFile(String fullPath)
   at System.IO.File.Delete(String path)
   at NLog.Targets.FileTarget.DeleteOldArchiveFile(String fileName)
2019-08-04 09:36:29.9644 Error Error has been raised. Exception: System.IO.IOException: The process cannot access the file 'C:\1GB\VideoGate\VideoGate\bin\Debug\netcoreapp2.1\logs\last_run.log' because it is being used by another process.
   at System.IO.FileSystem.DeleteFile(String fullPath)
   at System.IO.File.Delete(String path)
   at NLog.Targets.FileTarget.DeleteOldArchiveFile(String fileName)
2019-08-05 08:47:04.2260 Error Error has been raised. Exception: System.IO.IOException: The process cannot access the file 'C:\1GB\VideoGate\VideoGate\bin\Debug\netcoreapp2.1\logs\last_run.log' because it is being used by another process.
   at System.IO.FileSystem.DeleteFile(String fullPath)
   at System.IO.File.Delete(String path)
   at NLog.Targets.FileTarget.DeleteOldArchiveFile(String fileName)
2019-08-05 08:49:10.2354 Error Error has been raised. Exception: System.IO.IOException: The process cannot access the file 'C:\1GB\VideoGate\VideoGate\bin\Debug\netcoreapp2.1\logs\last_run.log' because it is being used by another process.
   at System.IO.FileSystem.DeleteFile(String fullPath)
   at System.IO.File.Delete(String path)
   at NLog.Targets.FileTarget.DeleteOldArchiveFile(String fileName)
2019-08-17 18:03:24.1100 Error Error has been raised. Exception: System.IO.IOException: The process cannot access the file 'C:\1GB\VideoGate\VideoGate\bin\Debug\netcoreapp2.1\logs\last_run.log' because it is being used by another process.
   at System.IO.FileSystem.DeleteFile(String fullPath)
   at System.IO.File.Delete(String path)
   at NLog.Targets.FileTarget.DeleteOldArchiveFile(String fileName)
2019-08-18 14:24:37.3499 Error Error has been raised. Exception: System.IO.IOException: The process cannot access the file 'C:\1GB\VideoGate\VideoGate\bin\Debug\netcoreapp2.1\logs\last_run.log' because it is being used by another process.
   at System.IO.FileSystem.DeleteFile(String fullPath)
   at System.IO.File.Delete(String path)
   at NLog.Targets.FileTarget.DeleteOldArchiveFile(String fileName)
2019-08-22 08:00:44.8831 Error Error has been raised. Exception: System.IO.IOException: The process cannot access the file 'C:\1GB\VideoGate\VideoGate\bin\Debug\netcoreapp2.1\logs\last_run.log' because it is being used by another process.
   at System.IO.FileSystem.DeleteFile(String fullPath)
   at System.IO.File.Delete(String path)
   at NLog.Targets.FileTarget.DeleteOldArchiveFile(String fileName)
2019-08-22 08:16:15.3862 Error Error has been raised. Exception: System.IO.IOException: The process cannot access the file 'C:\1GB\VideoGate\VideoGate\bin\Debug\netcoreapp2.1\logs\last_run.log' because it is being used by another process.
   at System.IO.FileSystem.DeleteFile(String fullPath)
   at System.IO.File.Delete(String path)
   at NLog.Targets.FileTarget.DeleteOldArchiveFile(String fileName)
2019-08-22 08:17:48.6987 Error Error has been raised. Exception: System.IO.IOException: The process cannot access the file 'C:\1GB\VideoGate\VideoGate\bin\Debug\netcoreapp2.1\logs\last_run.log' because it is being used by another process.
   at System.IO.FileSystem.DeleteFile(String fullPath)
   at System.IO.File.Delete(String path)
   at NLog.Targets.FileTarget.DeleteOldArchiveFile(String fileName)
2019-09-07 13:28:24.3429 Error Error has been raised. Exception: System.IO.IOException: The process cannot access the file 'C:\Sandbox\VideoGate\VideoGate\bin\Debug\netcoreapp2.1\logs\last_run.log' because it is being used by another process.
   at System.IO.FileSystem.DeleteFile(String fullPath)
   at System.IO.File.Delete(String path)
   at NLog.Targets.FileTarget.DeleteOldArchiveFile(String fileName)
2019-09-07 17:11:20.0604 Error Error has been raised. Exception: System.IO.IOException: The process cannot access the file 'C:\Sandbox\VideoGate\VideoGate\bin\Debug\netcoreapp2.1\logs\last_run.log' because it is being used by another process.
   at System.IO.FileSystem.DeleteFile(String fullPath)
   at System.IO.File.Delete(String path)
   at NLog.Targets.FileTarget.DeleteOldArchiveFile(String fileName)
